Symlinking /home/ap/UR5-Pick-and-Place-Simulation/catkin_ws/devel/lib/pkgconfig/ur_msgs.pc
Symlinking /home/ap/UR5-Pick-and-Place-Simulation/catkin_ws/devel/lib/python3/dist-packages/ur_msgs/__init__.py
Symlinking /home/ap/UR5-Pick-and-Place-Simulation/catkin_ws/devel/lib/python3/dist-packages/ur_msgs/msg/_Analog.py
Symlinking /home/ap/UR5-Pick-and-Place-Simulation/catkin_ws/devel/lib/python3/dist-packages/ur_msgs/msg/_ToolDataMsg.py
Symlinking /home/ap/UR5-Pick-and-Place-Simulation/catkin_ws/devel/lib/python3/dist-packages/ur_msgs/msg/_MasterboardDataMsg.py
Symlinking /home/ap/UR5-Pick-and-Place-Simulation/catkin_ws/devel/lib/python3/dist-packages/ur_msgs/msg/_Digital.py
Symlinking /home/ap/UR5-Pick-and-Place-Simulation/catkin_ws/devel/lib/python3/dist-packages/ur_msgs/msg/_RobotStateRTMsg.py
Symlinking /home/ap/UR5-Pick-and-Place-Simulation/catkin_ws/devel/lib/python3/dist-packages/ur_msgs/msg/_RobotModeDataMsg.py
Symlinking /home/ap/UR5-Pick-and-Place-Simulation/catkin_ws/devel/lib/python3/dist-packages/ur_msgs/msg/_IOStates.py
Symlinking /home/ap/UR5-Pick-and-Place-Simulation/catkin_ws/devel/lib/python3/dist-packages/ur_msgs/msg/__init__.py
Symlinking /home/ap/UR5-Pick-and-Place-Simulation/catkin_ws/devel/lib/python3/dist-packages/ur_msgs/srv/_SetPayload.py
Symlinking /home/ap/UR5-Pick-and-Place-Simulation/catkin_ws/devel/lib/python3/dist-packages/ur_msgs/srv/_SetSpeedSliderFraction.py
Symlinking /home/ap/UR5-Pick-and-Place-Simulation/catkin_ws/devel/lib/python3/dist-packages/ur_msgs/srv/_SetIO.py
Symlinking /home/ap/UR5-Pick-and-Place-Simulation/catkin_ws/devel/lib/python3/dist-packages/ur_msgs/srv/__init__.py
Symlinking /home/ap/UR5-Pick-and-Place-Simulation/catkin_ws/devel/share/roseus/ros/ur_msgs/manifest.l
Symlinking /home/ap/UR5-Pick-and-Place-Simulation/catkin_ws/devel/share/roseus/ros/ur_msgs/msg/ToolDataMsg.l
Symlinking /home/ap/UR5-Pick-and-Place-Simulation/catkin_ws/devel/share/roseus/ros/ur_msgs/msg/RobotModeDataMsg.l
Symlinking /home/ap/UR5-Pick-and-Place-Simulation/catkin_ws/devel/share/roseus/ros/ur_msgs/msg/IOStates.l
Symlinking /home/ap/UR5-Pick-and-Place-Simulation/catkin_ws/devel/share/roseus/ros/ur_msgs/msg/Digital.l
Symlinking /home/ap/UR5-Pick-and-Place-Simulation/catkin_ws/devel/share/roseus/ros/ur_msgs/msg/RobotStateRTMsg.l
Symlinking /home/ap/UR5-Pick-and-Place-Simulation/catkin_ws/devel/share/roseus/ros/ur_msgs/msg/MasterboardDataMsg.l
Symlinking /home/ap/UR5-Pick-and-Place-Simulation/catkin_ws/devel/share/roseus/ros/ur_msgs/msg/Analog.l
Symlinking /home/ap/UR5-Pick-and-Place-Simulation/catkin_ws/devel/share/roseus/ros/ur_msgs/srv/SetPayload.l
Symlinking /home/ap/UR5-Pick-and-Place-Simulation/catkin_ws/devel/share/roseus/ros/ur_msgs/srv/SetIO.l
Symlinking /home/ap/UR5-Pick-and-Place-Simulation/catkin_ws/devel/share/roseus/ros/ur_msgs/srv/SetSpeedSliderFraction.l
Symlinking /home/ap/UR5-Pick-and-Place-Simulation/catkin_ws/devel/share/common-lisp/ros/ur_msgs/msg/ToolDataMsg.lisp
Symlinking /home/ap/UR5-Pick-and-Place-Simulation/catkin_ws/devel/share/common-lisp/ros/ur_msgs/msg/_package_IOStates.lisp
Symlinking /home/ap/UR5-Pick-and-Place-Simulation/catkin_ws/devel/share/common-lisp/ros/ur_msgs/msg/_package.lisp
Symlinking /home/ap/UR5-Pick-and-Place-Simulation/catkin_ws/devel/share/common-lisp/ros/ur_msgs/msg/Digital.lisp
Symlinking /home/ap/UR5-Pick-and-Place-Simulation/catkin_ws/devel/share/common-lisp/ros/ur_msgs/msg/Analog.lisp
Symlinking /home/ap/UR5-Pick-and-Place-Simulation/catkin_ws/devel/share/common-lisp/ros/ur_msgs/msg/IOStates.lisp
Symlinking /home/ap/UR5-Pick-and-Place-Simulation/catkin_ws/devel/share/common-lisp/ros/ur_msgs/msg/_package_ToolDataMsg.lisp
Symlinking /home/ap/UR5-Pick-and-Place-Simulation/catkin_ws/devel/share/common-lisp/ros/ur_msgs/msg/_package_RobotStateRTMsg.lisp
Symlinking /home/ap/UR5-Pick-and-Place-Simulation/catkin_ws/devel/share/common-lisp/ros/ur_msgs/msg/_package_Analog.lisp
Symlinking /home/ap/UR5-Pick-and-Place-Simulation/catkin_ws/devel/share/common-lisp/ros/ur_msgs/msg/RobotModeDataMsg.lisp
Symlinking /home/ap/UR5-Pick-and-Place-Simulation/catkin_ws/devel/share/common-lisp/ros/ur_msgs/msg/ur_msgs-msg.asd
Symlinking /home/ap/UR5-Pick-and-Place-Simulation/catkin_ws/devel/share/common-lisp/ros/ur_msgs/msg/_package_RobotModeDataMsg.lisp
Symlinking /home/ap/UR5-Pick-and-Place-Simulation/catkin_ws/devel/share/common-lisp/ros/ur_msgs/msg/_package_Digital.lisp
Symlinking /home/ap/UR5-Pick-and-Place-Simulation/catkin_ws/devel/share/common-lisp/ros/ur_msgs/msg/_package_MasterboardDataMsg.lisp
Symlinking /home/ap/UR5-Pick-and-Place-Simulation/catkin_ws/devel/share/common-lisp/ros/ur_msgs/msg/RobotStateRTMsg.lisp
Symlinking /home/ap/UR5-Pick-and-Place-Simulation/catkin_ws/devel/share/common-lisp/ros/ur_msgs/msg/MasterboardDataMsg.lisp
Symlinking /home/ap/UR5-Pick-and-Place-Simulation/catkin_ws/devel/share/common-lisp/ros/ur_msgs/srv/SetPayload.lisp
Symlinking /home/ap/UR5-Pick-and-Place-Simulation/catkin_ws/devel/share/common-lisp/ros/ur_msgs/srv/_package_SetSpeedSliderFraction.lisp
Symlinking /home/ap/UR5-Pick-and-Place-Simulation/catkin_ws/devel/share/common-lisp/ros/ur_msgs/srv/_package.lisp
Symlinking /home/ap/UR5-Pick-and-Place-Simulation/catkin_ws/devel/share/common-lisp/ros/ur_msgs/srv/_package_SetPayload.lisp
Symlinking /home/ap/UR5-Pick-and-Place-Simulation/catkin_ws/devel/share/common-lisp/ros/ur_msgs/srv/ur_msgs-srv.asd
Symlinking /home/ap/UR5-Pick-and-Place-Simulation/catkin_ws/devel/share/common-lisp/ros/ur_msgs/srv/SetSpeedSliderFraction.lisp
Symlinking /home/ap/UR5-Pick-and-Place-Simulation/catkin_ws/devel/share/common-lisp/ros/ur_msgs/srv/_package_SetIO.lisp
Symlinking /home/ap/UR5-Pick-and-Place-Simulation/catkin_ws/devel/share/common-lisp/ros/ur_msgs/srv/SetIO.lisp
Symlinking /home/ap/UR5-Pick-and-Place-Simulation/catkin_ws/devel/share/gennodejs/ros/ur_msgs/_index.js
Symlinking /home/ap/UR5-Pick-and-Place-Simulation/catkin_ws/devel/share/gennodejs/ros/ur_msgs/msg/RobotStateRTMsg.js
Symlinking /home/ap/UR5-Pick-and-Place-Simulation/catkin_ws/devel/share/gennodejs/ros/ur_msgs/msg/Analog.js
Symlinking /home/ap/UR5-Pick-and-Place-Simulation/catkin_ws/devel/share/gennodejs/ros/ur_msgs/msg/ToolDataMsg.js
Symlinking /home/ap/UR5-Pick-and-Place-Simulation/catkin_ws/devel/share/gennodejs/ros/ur_msgs/msg/RobotModeDataMsg.js
Symlinking /home/ap/UR5-Pick-and-Place-Simulation/catkin_ws/devel/share/gennodejs/ros/ur_msgs/msg/MasterboardDataMsg.js
Symlinking /home/ap/UR5-Pick-and-Place-Simulation/catkin_ws/devel/share/gennodejs/ros/ur_msgs/msg/Digital.js
Symlinking /home/ap/UR5-Pick-and-Place-Simulation/catkin_ws/devel/share/gennodejs/ros/ur_msgs/msg/_index.js
Symlinking /home/ap/UR5-Pick-and-Place-Simulation/catkin_ws/devel/share/gennodejs/ros/ur_msgs/msg/IOStates.js
Symlinking /home/ap/UR5-Pick-and-Place-Simulation/catkin_ws/devel/share/gennodejs/ros/ur_msgs/srv/SetSpeedSliderFraction.js
Symlinking /home/ap/UR5-Pick-and-Place-Simulation/catkin_ws/devel/share/gennodejs/ros/ur_msgs/srv/SetIO.js
Symlinking /home/ap/UR5-Pick-and-Place-Simulation/catkin_ws/devel/share/gennodejs/ros/ur_msgs/srv/SetPayload.js
Symlinking /home/ap/UR5-Pick-and-Place-Simulation/catkin_ws/devel/share/gennodejs/ros/ur_msgs/srv/_index.js
Symlinking /home/ap/UR5-Pick-and-Place-Simulation/catkin_ws/devel/share/ur_msgs/cmake/ur_msgsConfig.cmake
Symlinking /home/ap/UR5-Pick-and-Place-Simulation/catkin_ws/devel/share/ur_msgs/cmake/ur_msgs-msg-paths.cmake
Symlinking /home/ap/UR5-Pick-and-Place-Simulation/catkin_ws/devel/share/ur_msgs/cmake/ur_msgs-msg-extras.cmake
Symlinking /home/ap/UR5-Pick-and-Place-Simulation/catkin_ws/devel/share/ur_msgs/cmake/ur_msgsConfig-version.cmake
Symlinking /home/ap/UR5-Pick-and-Place-Simulation/catkin_ws/devel/include/ur_msgs/SetPayloadResponse.h
Symlinking /home/ap/UR5-Pick-and-Place-Simulation/catkin_ws/devel/include/ur_msgs/SetSpeedSliderFraction.h
Symlinking /home/ap/UR5-Pick-and-Place-Simulation/catkin_ws/devel/include/ur_msgs/Digital.h
Symlinking /home/ap/UR5-Pick-and-Place-Simulation/catkin_ws/devel/include/ur_msgs/SetIO.h
Symlinking /home/ap/UR5-Pick-and-Place-Simulation/catkin_ws/devel/include/ur_msgs/SetPayloadRequest.h
Symlinking /home/ap/UR5-Pick-and-Place-Simulation/catkin_ws/devel/include/ur_msgs/ToolDataMsg.h
Symlinking /home/ap/UR5-Pick-and-Place-Simulation/catkin_ws/devel/include/ur_msgs/SetSpeedSliderFractionRequest.h
Symlinking /home/ap/UR5-Pick-and-Place-Simulation/catkin_ws/devel/include/ur_msgs/SetIOResponse.h
Symlinking /home/ap/UR5-Pick-and-Place-Simulation/catkin_ws/devel/include/ur_msgs/SetIORequest.h
Symlinking /home/ap/UR5-Pick-and-Place-Simulation/catkin_ws/devel/include/ur_msgs/RobotStateRTMsg.h
Symlinking /home/ap/UR5-Pick-and-Place-Simulation/catkin_ws/devel/include/ur_msgs/Analog.h
Symlinking /home/ap/UR5-Pick-and-Place-Simulation/catkin_ws/devel/include/ur_msgs/SetSpeedSliderFractionResponse.h
Symlinking /home/ap/UR5-Pick-and-Place-Simulation/catkin_ws/devel/include/ur_msgs/SetPayload.h
Symlinking /home/ap/UR5-Pick-and-Place-Simulation/catkin_ws/devel/include/ur_msgs/MasterboardDataMsg.h
Symlinking /home/ap/UR5-Pick-and-Place-Simulation/catkin_ws/devel/include/ur_msgs/IOStates.h
Symlinking /home/ap/UR5-Pick-and-Place-Simulation/catkin_ws/devel/include/ur_msgs/RobotModeDataMsg.h
