[  0%] Built target _vision_generate_messages_check_deps_Lego_state
[  0%] Built target std_msgs_generate_messages_py
[  0%] Built target std_msgs_generate_messages_cpp
[  0%] Built target std_msgs_generate_messages_eus
[  0%] Built target std_msgs_generate_messages_lisp
[  0%] Built target std_msgs_generate_messages_nodejs
[ 14%] [34m[1mGenerating Python from MSG vision/Lego_state[0m
[ 28%] [34m[1mGenerating C++ code from vision/Lego_state.msg[0m
[ 28%] Built target vision_generate_messages_cpp
[ 42%] [34m[1mGenerating Python msg __init__.py for vision[0m
[ 57%] [34m[1mGenerating EusLisp code from vision/Lego_state.msg[0m
[ 71%] [34m[1mGenerating Lisp code from vision/Lego_state.msg[0m
[ 85%] [34m[1mGenerating Javascript code from vision/Lego_state.msg[0m
[ 85%] Built target vision_generate_messages_lisp
[ 85%] Built target vision_generate_messages_nodejs
[100%] [34m[1mGenerating EusLisp manifest code for vision[0m
[100%] Built target vision_generate_messages_py
WARNING: Package name "levelManager" does not follow the naming conventions. It should start with a lower case letter and only contain lower case letters, digits, underscores, and dashes.
WARNING: Package name "robotName_description" does not follow the naming conventions. It should start with a lower case letter and only contain lower case letters, digits, underscores, and dashes.
WARNING: Package name "levelManager" does not follow the naming conventions. It should start with a lower case letter and only contain lower case letters, digits, underscores, and dashes.
WARNING: Package name "robotName_description" does not follow the naming conventions. It should start with a lower case letter and only contain lower case letters, digits, underscores, and dashes.
[100%] Built target vision_generate_messages_eus
[100%] Built target vision_generate_messages
