[  0%] Built target std_msgs_generate_messages_lisp
[  0%] Built target std_msgs_generate_messages_cpp
[  0%] Built target std_msgs_generate_messages_eus
[  0%] Built target std_msgs_generate_messages_nodejs
[  0%] Built target std_msgs_generate_messages_py
[  0%] Built target _gazebo_ros_link_attacher_generate_messages_check_deps_SetStatic
[  0%] Built target _gazebo_ros_link_attacher_generate_messages_check_deps_Attach
[ 42%] [34m[1mGenerating EusLisp manifest code for gazebo_ros_link_attacher[0m
[ 42%] [34m[1mGenerating EusLisp code from gazebo_ros_link_attacher/SetStatic.srv[0m
[ 42%] [34m[1mGenerating Lisp code from gazebo_ros_link_attacher/Attach.srv[0m
[ 42%] [34m[1mGenerating Javascript code from gazebo_ros_link_attacher/Attach.srv[0m
[ 50%] [34m[1mGenerating C++ code from gazebo_ros_link_attacher/SetStatic.srv[0m
[ 50%] [34m[1mGenerating EusLisp code from gazebo_ros_link_attacher/Attach.srv[0m
[ 64%] [34m[1mGenerating Python code from SRV gazebo_ros_link_attacher/Attach[0m
[ 64%] [34m[1mGenerating C++ code from gazebo_ros_link_attacher/Attach.srv[0m
[ 42%] [34m[1mGenerating Python code from SRV gazebo_ros_link_attacher/SetStatic[0m
[ 71%] [34m[1mGenerating Javascript code from gazebo_ros_link_attacher/SetStatic.srv[0m
[ 78%] [34m[1mGenerating Lisp code from gazebo_ros_link_attacher/SetStatic.srv[0m
WARNING: Package name "levelManager" does not follow the naming conventions. It should start with a lower case letter and only contain lower case letters, digits, underscores, and dashes.
WARNING: Package name "robotName_description" does not follow the naming conventions. It should start with a lower case letter and only contain lower case letters, digits, underscores, and dashes.
[ 78%] Built target gazebo_ros_link_attacher_generate_messages_lisp
[ 78%] Built target gazebo_ros_link_attacher_generate_messages_nodejs
[ 85%] [34m[1mGenerating Python srv __init__.py for gazebo_ros_link_attacher[0m
[ 85%] Built target gazebo_ros_link_attacher_generate_messages_cpp
WARNING: Package name "levelManager" does not follow the naming conventions. It should start with a lower case letter and only contain lower case letters, digits, underscores, and dashes.
WARNING: Package name "robotName_description" does not follow the naming conventions. It should start with a lower case letter and only contain lower case letters, digits, underscores, and dashes.
[ 85%] Built target gazebo_ros_link_attacher_generate_messages_py
[ 85%] Built target gazebo_ros_link_attacher_generate_messages_eus
[ 92%] [32mBuilding CXX object CMakeFiles/gazebo_ros_link_attacher.dir/src/gazebo_ros_link_attacher.cpp.o[0m
[ 92%] Built target gazebo_ros_link_attacher_generate_messages
[100%] [32m[1mLinking CXX shared library /home/ap/UR5-Pick-and-Place-Simulation/catkin_ws/devel/.private/gazebo_ros_link_attacher/lib/libgazebo_ros_link_attacher.so[0m
[100%] Built target gazebo_ros_link_attacher
